android/app/build/intermediates/manifest_merge_blame_file/debug/manifest-merger-blame-debug-report.txt
1<?xml version="1.0" encoding="utf-8"?>
2<manifest xmlns:android="http://schemas.android.com/apk/res/android"
3    package="com.kkh_rn"
4    android:versionCode="4"
5    android:versionName="1.0.3" >
6
7    <uses-sdk
8        android:minSdkVersion="21"
9        android:targetSdkVersion="34" />
10
11    <uses-permission android:name="android.permission.INTERNET" />
11-->src/main/AndroidManifest.xml:3:5-67
11-->src/main/AndroidManifest.xml:3:22-64
12    <uses-permission android:name="android.permission.WRITE_EXTERNAL_STORAGE" />
12-->src/main/AndroidManifest.xml:4:5-81
12-->src/main/AndroidManifest.xml:4:22-78
13
14    <queries>
14-->src/main/AndroidManifest.xml:26:3-32:13
15        <intent>
15-->src/main/AndroidManifest.xml:27:5-31:14
16            <action android:name="android.intent.action.VIEW" />
16-->src/main/AndroidManifest.xml:28:7-59
16-->src/main/AndroidManifest.xml:28:15-56
17            <!-- If you don't know the MIME type in advance, set "mimeType" to "*/*". -->
18            <data android:mimeType="application/pdf" />
18-->src/main/AndroidManifest.xml:30:7-50
18-->src/main/AndroidManifest.xml:30:13-47
19        </intent>
20    </queries>
21
22    <uses-permission android:name="android.permission.ACCESS_NETWORK_STATE" />
22-->[:react-native-community_netinfo] AndroidManifest.xml:7:5-79
22-->[:react-native-community_netinfo] AndroidManifest.xml:7:22-76
23    <uses-permission android:name="android.permission.ACCESS_WIFI_STATE" />
23-->[:react-native-community_netinfo] AndroidManifest.xml:8:5-76
23-->[:react-native-community_netinfo] AndroidManifest.xml:8:22-73
24    <!--
25         Required to keep CPU alive while downloading files
26        (NOT to keep screen awake)
27    -->
28    <uses-permission android:name="android.permission.WAKE_LOCK" /> <!-- Required to read and write the expansion files on shared storage for Android 11 -->
28-->[:react-native-blob-util] AndroidManifest.xml:14:5-68
28-->[:react-native-blob-util] AndroidManifest.xml:14:22-65
29    <uses-permission android:name="android.permission.READ_EXTERNAL_STORAGE" /> <!-- Required to to download files without a notification -->
29-->[:react-native-blob-util] AndroidManifest.xml:29:5-80
29-->[:react-native-blob-util] AndroidManifest.xml:29:22-77
30    <uses-permission android:name="android.permission.DOWNLOAD_WITHOUT_NOTIFICATION" />
30-->[:react-native-blob-util] AndroidManifest.xml:32:5-88
30-->[:react-native-blob-util] AndroidManifest.xml:32:22-85
31    <!--
32    This manifest file is used only by Gradle to configure debug-only capabilities
33    for React Native Apps.
34    -->
35    <uses-permission android:name="android.permission.SYSTEM_ALERT_WINDOW" />
35-->[com.facebook.react:react-android:0.73.8] AndroidManifest.xml:16:5-78
35-->[com.facebook.react:react-android:0.73.8] AndroidManifest.xml:16:22-75
36
37    <permission
37-->[androidx.core:core:1.12.0] AndroidManifest.xml:22:5-24:47
38        android:name="com.kkh_rn.DYNAMIC_RECEIVER_NOT_EXPORTED_PERMISSION"
38-->[androidx.core:core:1.12.0] AndroidManifest.xml:23:9-81
39        android:protectionLevel="signature" />
39-->[androidx.core:core:1.12.0] AndroidManifest.xml:24:9-44
40
41    <uses-permission android:name="com.kkh_rn.DYNAMIC_RECEIVER_NOT_EXPORTED_PERMISSION" />
41-->[androidx.core:core:1.12.0] AndroidManifest.xml:26:5-97
41-->[androidx.core:core:1.12.0] AndroidManifest.xml:26:22-94
42
43    <application
43-->src/main/AndroidManifest.xml:6:5-25:19
44        android:name="com.kkh_rn.MainApplication"
44-->src/main/AndroidManifest.xml:7:7-38
45        android:allowBackup="false"
45-->src/main/AndroidManifest.xml:11:7-34
46        android:appComponentFactory="androidx.core.app.CoreComponentFactory"
46-->[androidx.core:core:1.12.0] AndroidManifest.xml:28:18-86
47        android:debuggable="true"
48        android:extractNativeLibs="true"
49        android:icon="@mipmap/ic_launcher"
49-->src/main/AndroidManifest.xml:9:7-41
50        android:label="@string/app_name"
50-->src/main/AndroidManifest.xml:8:7-39
51        android:roundIcon="@mipmap/ic_launcher_round"
51-->src/main/AndroidManifest.xml:10:7-52
52        android:theme="@style/AppTheme"
52-->src/main/AndroidManifest.xml:12:7-38
53        android:usesCleartextTraffic="true" >
53-->src/debug/AndroidManifest.xml:6:9-44
54        <activity
54-->src/main/AndroidManifest.xml:13:7-24:18
55            android:name="com.kkh_rn.MainActivity"
55-->src/main/AndroidManifest.xml:14:9-37
56            android:configChanges="keyboard|keyboardHidden|orientation|screenLayout|screenSize|smallestScreenSize|uiMode"
56-->src/main/AndroidManifest.xml:16:9-118
57            android:exported="true"
57-->src/main/AndroidManifest.xml:19:9-32
58            android:label="@string/app_name"
58-->src/main/AndroidManifest.xml:15:9-41
59            android:launchMode="singleTask"
59-->src/main/AndroidManifest.xml:17:9-40
60            android:windowSoftInputMode="adjustResize" >
60-->src/main/AndroidManifest.xml:18:9-51
61            <intent-filter>
61-->src/main/AndroidManifest.xml:20:9-23:25
62                <action android:name="android.intent.action.MAIN" />
62-->src/main/AndroidManifest.xml:21:13-65
62-->src/main/AndroidManifest.xml:21:21-62
63
64                <category android:name="android.intent.category.LAUNCHER" />
64-->src/main/AndroidManifest.xml:22:13-73
64-->src/main/AndroidManifest.xml:22:23-70
65            </intent-filter>
66        </activity>
67
68        <provider
68-->[:react-native-blob-util] AndroidManifest.xml:35:9-43:20
69            android:name="com.ReactNativeBlobUtil.Utils.FileProvider"
69-->[:react-native-blob-util] AndroidManifest.xml:36:13-70
70            android:authorities="com.kkh_rn.provider"
70-->[:react-native-blob-util] AndroidManifest.xml:37:13-60
71            android:exported="false"
71-->[:react-native-blob-util] AndroidManifest.xml:38:13-37
72            android:grantUriPermissions="true" >
72-->[:react-native-blob-util] AndroidManifest.xml:39:13-47
73            <meta-data
73-->[:react-native-blob-util] AndroidManifest.xml:40:13-42:58
74                android:name="android.support.FILE_PROVIDER_PATHS"
74-->[:react-native-blob-util] AndroidManifest.xml:41:17-67
75                android:resource="@xml/provider_paths" />
75-->[:react-native-blob-util] AndroidManifest.xml:42:17-55
76        </provider>
77        <provider
77-->[:react-native-file-viewer] AndroidManifest.xml:8:9-16:20
78            android:name="com.vinzscam.reactnativefileviewer.FileProvider"
78-->[:react-native-file-viewer] AndroidManifest.xml:9:13-75
79            android:authorities="com.kkh_rn.provider"
79-->[:react-native-file-viewer] AndroidManifest.xml:10:13-60
80            android:exported="false"
80-->[:react-native-file-viewer] AndroidManifest.xml:11:13-37
81            android:grantUriPermissions="true" >
81-->[:react-native-file-viewer] AndroidManifest.xml:12:13-47
82            <meta-data
82-->[:react-native-blob-util] AndroidManifest.xml:40:13-42:58
83                android:name="android.support.FILE_PROVIDER_PATHS"
83-->[:react-native-blob-util] AndroidManifest.xml:41:17-67
84                android:resource="@xml/file_viewer_provider_paths" />
84-->[:react-native-blob-util] AndroidManifest.xml:42:17-55
85        </provider>
86
87        <activity
87-->[com.facebook.react:react-android:0.73.8] AndroidManifest.xml:19:9-21:40
88            android:name="com.facebook.react.devsupport.DevSettingsActivity"
88-->[com.facebook.react:react-android:0.73.8] AndroidManifest.xml:20:13-77
89            android:exported="false" />
89-->[com.facebook.react:react-android:0.73.8] AndroidManifest.xml:21:13-37
90
91        <provider
91-->[androidx.emoji2:emoji2:1.2.0] AndroidManifest.xml:24:9-32:20
92            android:name="androidx.startup.InitializationProvider"
92-->[androidx.emoji2:emoji2:1.2.0] AndroidManifest.xml:25:13-67
93            android:authorities="com.kkh_rn.androidx-startup"
93-->[androidx.emoji2:emoji2:1.2.0] AndroidManifest.xml:26:13-68
94            android:exported="false" >
94-->[androidx.emoji2:emoji2:1.2.0] AndroidManifest.xml:27:13-37
95            <meta-data
95-->[androidx.emoji2:emoji2:1.2.0] AndroidManifest.xml:29:13-31:52
96                android:name="androidx.emoji2.text.EmojiCompatInitializer"
96-->[androidx.emoji2:emoji2:1.2.0] AndroidManifest.xml:30:17-75
97                android:value="androidx.startup" />
97-->[androidx.emoji2:emoji2:1.2.0] AndroidManifest.xml:31:17-49
98            <meta-data
98-->[androidx.lifecycle:lifecycle-process:2.4.1] AndroidManifest.xml:31:13-33:52
99                android:name="androidx.lifecycle.ProcessLifecycleInitializer"
99-->[androidx.lifecycle:lifecycle-process:2.4.1] AndroidManifest.xml:32:17-78
100                android:value="androidx.startup" />
100-->[androidx.lifecycle:lifecycle-process:2.4.1] AndroidManifest.xml:33:17-49
101        </provider>
102
103        <meta-data
103-->[com.facebook.soloader:soloader:0.10.5] AndroidManifest.xml:12:9-14:37
104            android:name="com.facebook.soloader.enabled"
104-->[com.facebook.soloader:soloader:0.10.5] AndroidManifest.xml:13:13-57
105            android:value="false" />
105-->[com.facebook.soloader:soloader:0.10.5] AndroidManifest.xml:14:13-34
106    </application>
107
108</manifest>